2024-10-06 01:18:34.719 | INFO     | main:startup_event:10 - FunDataFactory is start success！！！
2024-10-06 01:18:34.749 | INFO     | main:startup_event:13 - routers is register success！！！
2024-10-06 01:20:37.714 | INFO     | main:startup_event:10 - FunDataFactory is start success！！！
2024-10-06 01:20:37.738 | INFO     | main:startup_event:13 - routers is register success！！！
2024-10-06 01:29:25.846 | INFO     | main:startup_event:10 - FunDataFactory is start success！！！
2024-10-06 01:29:25.880 | INFO     | main:startup_event:13 - routers is register success！！！
2024-10-06 01:29:43.119 | INFO     | main:startup_event:10 - FunDataFactory is start success！！！
2024-10-06 01:29:43.151 | INFO     | main:startup_event:13 - routers is register success！！！
2024-10-06 01:30:10.882 | INFO     | main:startup_event:10 - FunDataFactory is start success！！！
2024-10-06 01:30:10.914 | INFO     | main:startup_event:13 - routers is register success！！！
2024-10-06 01:31:59.412 | INFO     | main:startup_event:10 - FunDataFactory is start success！！！
2024-10-06 01:31:59.445 | INFO     | main:startup_event:13 - routers is register success！！！
2024-10-08 18:51:08.987 | INFO     | main:startup_event:10 - FunDataFactory is start success！！！
2024-10-08 18:51:09.019 | INFO     | main:startup_event:13 - routers is register success！！！
2024-10-08 18:55:03.469 | INFO     | main:startup_event:10 - FunDataFactory is start success！！！
2024-10-08 18:55:03.500 | INFO     | main:startup_event:13 - routers is register success！！！
2024-10-08 18:57:20.374 | INFO     | main:startup_event:10 - FunDataFactory is start success！！！
2024-10-08 18:57:20.419 | INFO     | main:startup_event:14 - routers is register success！！！
2024-10-08 20:57:36.575 | INFO     | main:startup_event:10 - FunDataFactory is start success！！！
2024-10-08 20:57:36.605 | INFO     | main:startup_event:14 - routers is register success！！！
2024-10-08 21:04:03.822 | INFO     | main:startup_event:10 - FunDataFactory is start success！！！
2024-10-08 21:04:03.853 | INFO     | main:startup_event:14 - routers is register success！！！
2024-10-09 00:39:16.755 | INFO     | main:startup_event:10 - FunDataFactory is start success！！！
2024-10-09 00:39:16.787 | INFO     | main:startup_event:14 - routers is register success！！！
2024-10-09 00:39:16.798 | INFO     | main:startup_event:18 - middlewares is register success！！！
2024-10-09 00:39:16.798 | INFO     | main:startup_event:22 - exceptionHandler is register success！！！
2024-10-09 00:42:26.508 | INFO     | main:startup_event:10 - FunDataFactory is start success！！！
2024-10-09 00:42:26.548 | INFO     | main:startup_event:14 - routers is register success！！！
2024-10-09 00:42:32.049 | INFO     | main:startup_event:10 - FunDataFactory is start success！！！
2024-10-09 00:42:32.081 | INFO     | main:startup_event:14 - routers is register success！！！
2024-10-09 00:42:49.650 | INFO     | main:startup_event:10 - FunDataFactory is start success！！！
2024-10-09 00:42:49.750 | INFO     | main:startup_event:14 - routers is register success！！！
2024-10-09 00:42:49.757 | INFO     | main:startup_event:18 - middlewares is register success！！！
2024-10-09 00:42:49.758 | INFO     | main:startup_event:22 - exceptionHandler is register success！！！
2024-10-09 00:45:37.089 | INFO     | main:startup_event:10 - FunDataFactory is start success！！！
2024-10-09 00:45:37.119 | INFO     | main:startup_event:14 - routers is register success！！！
2024-10-09 00:45:37.122 | INFO     | main:startup_event:18 - middlewares is register success！！！
2024-10-09 00:45:37.122 | INFO     | main:startup_event:22 - exceptionHandler is register success！！！
2024-10-09 00:45:37.123 | INFO     | main:startup_event:24 - FunDataFactory is start success！！！
2024-10-09 00:46:42.730 | INFO     | main:startup_event:10 - FunDataFactory is start success！！！
2024-10-09 00:46:42.755 | INFO     | main:startup_event:14 - routers is register success！！！
2024-10-09 00:46:42.757 | INFO     | main:startup_event:18 - middlewares is register success！！！
2024-10-09 00:46:42.758 | INFO     | main:startup_event:22 - exceptionHandler is register success！！！
2024-10-09 00:46:42.758 | INFO     | main:startup_event:24 - FunDataFactory is start success！！！
2024-10-09 00:47:46.727 | INFO     | main:startup_event:10 - FunDataFactory is start success！！！
2024-10-09 00:47:46.752 | INFO     | main:startup_event:14 - routers is register success！！！
2024-10-09 00:49:25.556 | INFO     | main:startup_event:10 - FunDataFactory is start success！！！
2024-10-09 00:49:25.582 | INFO     | main:startup_event:14 - routers is register success！！！
2024-10-09 00:49:25.582 | INFO     | main:startup_event:20 - exceptionHandler is register success！！！
2024-10-09 00:49:56.069 | INFO     | main:startup_event:10 - FunDataFactory is start success！！！
2024-10-09 00:49:56.099 | INFO     | main:startup_event:14 - routers is register success！！！
2024-10-09 00:50:08.126 | INFO     | main:startup_event:10 - FunDataFactory is start success！！！
2024-10-09 00:50:08.156 | INFO     | main:startup_event:14 - routers is register success！！！
2024-10-09 00:50:15.789 | INFO     | main:startup_event:10 - FunDataFactory is start success！！！
2024-10-09 00:50:15.815 | INFO     | main:startup_event:14 - routers is register success！！！
2024-10-09 00:52:22.976 | INFO     | main:startup_event:10 - FunDataFactory is start success！！！
2024-10-09 00:52:23.006 | INFO     | main:startup_event:14 - routers is register success！！！
2024-10-09 00:52:44.401 | INFO     | main:startup_event:10 - FunDataFactory is start success！！！
2024-10-09 00:52:44.437 | INFO     | main:startup_event:14 - routers is register success！！！
2024-10-09 00:52:56.070 | INFO     | main:startup_event:10 - FunDataFactory is start success！！！
2024-10-09 00:52:56.096 | INFO     | main:startup_event:14 - routers is register success！！！
2024-10-09 00:52:56.102 | INFO     | main:startup_event:18 - middlewares is register success！！！
2024-10-09 00:52:56.102 | INFO     | main:startup_event:22 - exceptionHandler is register success！！！
2024-10-09 00:53:30.830 | INFO     | main:startup_event:10 - FunDataFactory is start success！！！
2024-10-09 00:53:30.855 | INFO     | main:startup_event:14 - routers is register success！！！
2024-10-09 00:53:30.858 | INFO     | main:startup_event:18 - middlewares is register success！！！
2024-10-09 00:53:30.858 | INFO     | main:startup_event:22 - exceptionHandler is register success！！！
2024-10-09 00:53:30.858 | INFO     | main:startup_event:24 - FunDataFactory is start success！！！
2024-10-09 00:55:14.670 | INFO     | main:startup_event:10 - FunDataFactory is start success！！！
2024-10-09 00:55:14.700 | INFO     | main:startup_event:14 - routers is register success！！！
2024-10-09 00:55:24.526 | INFO     | main:startup_event:10 - FunDataFactory is start success！！！
2024-10-09 00:55:24.553 | INFO     | main:startup_event:14 - routers is register success！！！
2024-10-09 00:55:24.557 | INFO     | main:startup_event:18 - middlewares is register success！！！
2024-10-09 00:55:24.557 | INFO     | main:startup_event:22 - exceptionHandler is register success！！！
2024-10-09 00:55:24.558 | INFO     | main:startup_event:24 - FunDataFactory is start success！！！
2024-10-09 00:55:34.305 | INFO     | main:startup_event:10 - FunDataFactory is start success！！！
2024-10-09 00:55:34.331 | INFO     | main:startup_event:14 - routers is register success！！！
2024-10-09 00:55:34.334 | INFO     | main:startup_event:18 - middlewares is register success！！！
2024-10-09 00:55:34.334 | INFO     | main:startup_event:22 - exceptionHandler is register success！！！
2024-10-09 00:55:34.334 | INFO     | main:startup_event:24 - FunDataFactory is start success！！！
2024-10-09 01:00:48.772 | INFO     | main:startup_event:10 - FunDataFactory is start success！！！
2024-10-09 01:00:48.801 | INFO     | main:startup_event:14 - routers is register success！！！
2024-10-09 01:00:48.805 | INFO     | main:startup_event:19 - middlewares is register success！！！
2024-10-09 01:00:48.805 | INFO     | main:startup_event:23 - exceptionHandler is register success！！！
2024-10-09 01:00:48.805 | INFO     | main:startup_event:25 - FunDataFactory is start success！！！
2024-10-09 13:42:41.033 | INFO     | main:startup_event:10 - logging is start success！！！
2024-10-09 13:42:41.067 | INFO     | main:startup_event:14 - routers is register success！！！
2024-10-09 13:42:41.072 | INFO     | main:startup_event:19 - middlewares is register success！！！
2024-10-09 13:42:41.072 | INFO     | main:startup_event:23 - exceptionHandler is register success！！！
2024-10-09 13:42:41.073 | INFO     | main:startup_event:25 - FunDataFactory is start success！！！
2024-10-09 13:50:21.934 | INFO     | main:startup_event:10 - logging is start success！！！
2024-10-09 13:50:21.976 | INFO     | main:startup_event:14 - routers is register success！！！
2024-10-09 13:50:21.981 | INFO     | main:startup_event:19 - middlewares is register success！！！
2024-10-09 13:50:21.982 | INFO     | main:startup_event:23 - exceptionHandler is register success！！！
2024-10-09 13:50:21.982 | INFO     | main:startup_event:25 - FunDataFactory is start success！！！
2024-10-09 21:14:09.944 | INFO     | main:startup_event:10 - logging is start success！！！
2024-10-09 21:14:09.975 | INFO     | main:startup_event:14 - routers is register success！！！
2024-10-09 21:14:09.980 | INFO     | main:startup_event:19 - middlewares is register success！！！
2024-10-09 21:14:09.980 | INFO     | main:startup_event:23 - exceptionHandler is register success！！！
2024-10-09 21:14:09.980 | INFO     | main:startup_event:25 - FunDataFactory is start success！！！
2024-10-10 02:40:42.576 | INFO     | main:startup_event:10 - logging is start success！！！
2024-10-10 02:40:42.609 | INFO     | main:startup_event:14 - routers is register success！！！
2024-10-10 02:40:42.613 | INFO     | main:startup_event:19 - middlewares is register success！！！
2024-10-10 02:40:42.613 | INFO     | main:startup_event:23 - exceptionHandler is register success！！！
2024-10-10 02:40:42.614 | INFO     | main:startup_event:25 - FunDataFactory is start success！！！
2024-10-10 02:43:00.857 | INFO     | main:startup_event:10 - logging is start success！！！
2024-10-10 02:43:00.891 | INFO     | main:startup_event:14 - routers is register success！！！
2024-10-10 02:43:00.895 | INFO     | main:startup_event:19 - middlewares is register success！！！
2024-10-10 02:43:00.896 | INFO     | main:startup_event:23 - exceptionHandler is register success！！！
2024-10-10 02:43:00.896 | INFO     | main:startup_event:25 - FunDataFactory is start success！！！
2024-10-10 02:45:52.872 | INFO     | main:startup_event:10 - logging is start success！！！
2024-10-10 02:45:52.912 | INFO     | main:startup_event:14 - routers is register success！！！
2024-10-10 02:45:52.917 | INFO     | main:startup_event:19 - middlewares is register success！！！
2024-10-10 02:50:03.632 | INFO     | main:startup_event:10 - logging is start success！！！
2024-10-10 02:50:03.666 | INFO     | main:startup_event:14 - routers is register success！！！
2024-10-10 02:50:03.670 | INFO     | main:startup_event:19 - middlewares is register success！！！
2024-10-10 02:51:25.725 | INFO     | main:startup_event:10 - logging is start success！！！
2024-10-10 02:51:25.761 | INFO     | main:startup_event:14 - routers is register success！！！
2024-10-10 02:51:25.765 | INFO     | main:startup_event:19 - middlewares is register success！！！
2024-10-10 02:52:38.471 | INFO     | main:startup_event:10 - logging is start success！！！
2024-10-10 02:52:38.514 | INFO     | main:startup_event:14 - routers is register success！！！
2024-10-10 02:52:38.518 | INFO     | main:startup_event:19 - middlewares is register success！！！
2024-10-10 02:52:38.518 | INFO     | main:startup_event:23 - exceptionHandler is register success！！！
2024-10-10 02:52:38.519 | INFO     | main:startup_event:25 - FunDataFactory is start success！！！
2024-10-10 02:53:31.693 | INFO     | main:startup_event:10 - logging is start success！！！
2024-10-10 02:53:31.728 | INFO     | main:startup_event:14 - routers is register success！！！
2024-10-10 02:53:31.732 | INFO     | main:startup_event:19 - middlewares is register success！！！
2024-10-10 02:53:31.732 | INFO     | main:startup_event:23 - exceptionHandler is register success！！！
2024-10-10 02:53:31.732 | INFO     | main:startup_event:25 - FunDataFactory is start success！！！
2024-10-10 02:54:09.047 | INFO     | main:startup_event:10 - logging is start success！！！
2024-10-10 02:54:09.085 | INFO     | main:startup_event:14 - routers is register success！！！
2024-10-10 02:54:09.089 | INFO     | main:startup_event:19 - middlewares is register success！！！
2024-10-10 02:54:09.089 | INFO     | main:startup_event:23 - exceptionHandler is register success！！！
2024-10-10 02:54:09.089 | INFO     | main:startup_event:25 - FunDataFactory is start success！！！
2024-10-10 02:55:18.430 | INFO     | main:startup_event:10 - logging is start success！！！
2024-10-10 02:55:18.463 | INFO     | main:startup_event:14 - routers is register success！！！
2024-10-10 02:55:18.467 | INFO     | main:startup_event:19 - middlewares is register success！！！
2024-10-10 02:55:18.468 | INFO     | main:startup_event:23 - exceptionHandler is register success！！！
2024-10-10 02:55:19.823 | INFO     | main:startup_event:10 - logging is start success！！！
2024-10-10 02:55:19.856 | INFO     | main:startup_event:14 - routers is register success！！！
2024-10-10 02:55:19.859 | INFO     | main:startup_event:19 - middlewares is register success！！！
2024-10-10 02:55:19.860 | INFO     | main:startup_event:23 - exceptionHandler is register success！！！
2024-10-10 02:55:19.860 | INFO     | main:startup_event:25 - FunDataFactory is start success！！！
2024-10-10 02:55:21.238 | INFO     | main:startup_event:10 - logging is start success！！！
2024-10-10 02:55:21.277 | INFO     | main:startup_event:14 - routers is register success！！！
2024-10-10 02:55:21.281 | INFO     | main:startup_event:19 - middlewares is register success！！！
2024-10-10 02:55:21.282 | INFO     | main:startup_event:23 - exceptionHandler is register success！！！
2024-10-10 02:55:21.282 | INFO     | main:startup_event:25 - FunDataFactory is start success！！！
2024-10-10 02:55:53.277 | INFO     | main:startup_event:10 - logging is start success！！！
2024-10-10 02:55:53.309 | INFO     | main:startup_event:14 - routers is register success！！！
2024-10-10 02:55:53.313 | INFO     | main:startup_event:19 - middlewares is register success！！！
2024-10-10 02:55:54.666 | INFO     | main:startup_event:10 - logging is start success！！！
2024-10-10 02:55:54.698 | INFO     | main:startup_event:14 - routers is register success！！！
2024-10-10 02:55:54.702 | INFO     | main:startup_event:19 - middlewares is register success！！！
2024-10-10 02:55:54.702 | INFO     | main:startup_event:23 - exceptionHandler is register success！！！
2024-10-10 02:55:54.702 | INFO     | main:startup_event:25 - FunDataFactory is start success！！！
2024-10-10 02:59:03.797 | INFO     | main:startup_event:10 - logging is start success！！！
2024-10-10 02:59:03.836 | INFO     | main:startup_event:14 - routers is register success！！！
2024-10-10 02:59:03.841 | INFO     | main:startup_event:19 - middlewares is register success！！！
2024-10-10 02:59:03.842 | INFO     | main:startup_event:23 - exceptionHandler is register success！！！
2024-10-10 02:59:03.842 | INFO     | main:startup_event:25 - FunDataFactory is start success！！！
2024-10-10 02:59:22.181 | INFO     | main:startup_event:10 - logging is start success！！！
2024-10-10 02:59:22.214 | INFO     | main:startup_event:14 - routers is register success！！！
2024-10-10 02:59:22.218 | INFO     | main:startup_event:19 - middlewares is register success！！！
2024-10-10 02:59:22.218 | INFO     | main:startup_event:23 - exceptionHandler is register success！！！
2024-10-10 02:59:22.218 | INFO     | main:startup_event:25 - FunDataFactory is start success！！！
2024-10-10 03:00:40.699 | INFO     | main:startup_event:10 - logging is start success！！！
2024-10-10 03:00:40.731 | INFO     | main:startup_event:14 - routers is register success！！！
2024-10-10 03:00:40.735 | INFO     | main:startup_event:19 - middlewares is register success！！！
2024-10-10 03:00:40.735 | INFO     | main:startup_event:23 - exceptionHandler is register success！！！
2024-10-10 03:00:40.736 | INFO     | main:startup_event:25 - FunDataFactory is start success！！！
2024-10-10 03:01:05.746 | INFO     | main:startup_event:10 - logging is start success！！！
2024-10-10 03:01:05.783 | INFO     | main:startup_event:14 - routers is register success！！！
2024-10-10 03:01:05.787 | INFO     | main:startup_event:19 - middlewares is register success！！！
2024-10-10 03:01:05.787 | INFO     | main:startup_event:23 - exceptionHandler is register success！！！
2024-10-10 03:01:07.137 | INFO     | main:startup_event:10 - logging is start success！！！
2024-10-10 03:01:07.169 | INFO     | main:startup_event:14 - routers is register success！！！
2024-10-10 03:01:07.172 | INFO     | main:startup_event:19 - middlewares is register success！！！
2024-10-10 03:01:07.173 | INFO     | main:startup_event:23 - exceptionHandler is register success！！！
2024-10-10 03:01:07.173 | INFO     | main:startup_event:25 - FunDataFactory is start success！！！
2024-10-10 03:01:33.214 | INFO     | main:startup_event:10 - logging is start success！！！
2024-10-10 03:01:33.251 | INFO     | main:startup_event:14 - routers is register success！！！
2024-10-10 03:01:33.255 | INFO     | main:startup_event:19 - middlewares is register success！！！
2024-10-10 03:01:33.256 | INFO     | main:startup_event:23 - exceptionHandler is register success！！！
2024-10-10 03:01:33.256 | INFO     | main:startup_event:25 - FunDataFactory is start success！！！
2024-10-10 03:01:34.653 | INFO     | main:startup_event:10 - logging is start success！！！
2024-10-10 03:01:34.686 | INFO     | main:startup_event:14 - routers is register success！！！
2024-10-10 03:01:34.689 | INFO     | main:startup_event:19 - middlewares is register success！！！
2024-10-10 03:01:34.690 | INFO     | main:startup_event:23 - exceptionHandler is register success！！！
2024-10-10 03:01:34.690 | INFO     | main:startup_event:25 - FunDataFactory is start success！！！
2024-10-10 03:02:31.900 | INFO     | main:startup_event:10 - logging is start success！！！
2024-10-10 03:02:31.934 | INFO     | main:startup_event:14 - routers is register success！！！
2024-10-10 03:02:31.938 | INFO     | main:startup_event:19 - middlewares is register success！！！
2024-10-10 03:02:31.938 | INFO     | main:startup_event:23 - exceptionHandler is register success！！！
2024-10-10 03:02:31.939 | INFO     | main:startup_event:25 - FunDataFactory is start success！！！
2024-10-10 03:02:39.968 | INFO     | main:startup_event:10 - logging is start success！！！
2024-10-10 03:02:40.000 | INFO     | main:startup_event:14 - routers is register success！！！
2024-10-10 03:02:40.005 | INFO     | main:startup_event:19 - middlewares is register success！！！
2024-10-10 03:02:40.005 | INFO     | main:startup_event:23 - exceptionHandler is register success！！！
2024-10-10 03:02:40.005 | INFO     | main:startup_event:25 - FunDataFactory is start success！！！
2024-10-10 03:03:31.551 | INFO     | main:startup_event:10 - logging is start success！！！
2024-10-10 03:03:31.584 | INFO     | main:startup_event:14 - routers is register success！！！
2024-10-10 03:03:31.588 | INFO     | main:startup_event:19 - middlewares is register success！！！
2024-10-10 03:03:31.588 | INFO     | main:startup_event:23 - exceptionHandler is register success！！！
2024-10-10 03:03:31.589 | INFO     | main:startup_event:25 - FunDataFactory is start success！！！
2024-10-10 03:03:50.049 | INFO     | main:startup_event:10 - logging is start success！！！
2024-10-10 03:03:50.089 | INFO     | main:startup_event:14 - routers is register success！！！
2024-10-10 03:03:50.093 | INFO     | main:startup_event:19 - middlewares is register success！！！
2024-10-10 03:03:50.093 | INFO     | main:startup_event:23 - exceptionHandler is register success！！！
2024-10-10 03:03:50.094 | INFO     | main:startup_event:25 - FunDataFactory is start success！！！
2024-10-10 03:04:16.559 | INFO     | main:startup_event:10 - logging is start success！！！
2024-10-10 03:04:16.601 | INFO     | main:startup_event:14 - routers is register success！！！
2024-10-10 03:04:16.605 | INFO     | main:startup_event:19 - middlewares is register success！！！
2024-10-10 03:04:16.605 | INFO     | main:startup_event:23 - exceptionHandler is register success！！！
2024-10-10 03:04:16.606 | INFO     | main:startup_event:25 - FunDataFactory is start success！！！
2024-10-10 03:04:42.226 | INFO     | main:startup_event:10 - logging is start success！！！
2024-10-10 03:04:42.259 | INFO     | main:startup_event:14 - routers is register success！！！
2024-10-10 03:04:42.263 | INFO     | main:startup_event:19 - middlewares is register success！！！
2024-10-10 03:04:42.263 | INFO     | main:startup_event:23 - exceptionHandler is register success！！！
2024-10-10 03:04:42.263 | INFO     | main:startup_event:25 - FunDataFactory is start success！！！
2024-10-10 03:05:06.491 | INFO     | main:startup_event:10 - logging is start success！！！
2024-10-10 03:05:06.529 | INFO     | main:startup_event:14 - routers is register success！！！
2024-10-10 03:05:06.533 | INFO     | main:startup_event:19 - middlewares is register success！！！
2024-10-10 03:05:06.533 | INFO     | main:startup_event:23 - exceptionHandler is register success！！！
2024-10-10 03:05:06.534 | INFO     | main:startup_event:25 - FunDataFactory is start success！！！
2024-10-10 03:05:28.202 | INFO     | main:startup_event:10 - logging is start success！！！
2024-10-10 03:05:28.235 | INFO     | main:startup_event:14 - routers is register success！！！
2024-10-10 03:05:28.238 | INFO     | main:startup_event:19 - middlewares is register success！！！
2024-10-10 03:05:28.238 | INFO     | main:startup_event:23 - exceptionHandler is register success！！！
2024-10-10 03:05:28.239 | INFO     | main:startup_event:25 - FunDataFactory is start success！！！
2024-10-10 03:40:50.194 | INFO     | main:startup_event:10 - logging is start success！！！
2024-10-10 03:40:50.226 | INFO     | main:startup_event:14 - routers is register success！！！
2024-10-10 03:40:50.231 | INFO     | main:startup_event:19 - middlewares is register success！！！
2024-10-10 03:40:50.232 | INFO     | main:startup_event:23 - exceptionHandler is register success！！！
2024-10-10 03:40:50.232 | INFO     | main:startup_event:25 - FunDataFactory is start success！！！
2024-10-10 03:43:07.662 | INFO     | main:startup_event:10 - logging is start success！！！
2024-10-10 03:43:07.700 | INFO     | main:startup_event:14 - routers is register success！！！
2024-10-10 03:43:07.705 | INFO     | main:startup_event:19 - middlewares is register success！！！
2024-10-10 03:43:07.705 | INFO     | main:startup_event:23 - exceptionHandler is register success！！！
2024-10-10 03:43:07.706 | INFO     | main:startup_event:25 - FunDataFactory is start success！！！
